<?xml version="1.0" encoding="UTF-8"?>
<!-- Generated by org.testng.reporters.JUnitReportReporter -->
<testsuite hostname="DESKTOP-QS2AGGF" name="osss.online.homePageTest" tests="1" failures="0" timestamp="15 Jul 2020 07:20:52 GMT" time="23.063" errors="0">
  <testcase name="getTitleTest" time="23.063" classname="osss.online.homePageTest"/>
</testsuite> <!-- osss.online.homePageTest -->
