<?xml version="1.0" encoding="UTF-8"?>
<!-- Generated by org.testng.reporters.JUnitReportReporter -->
<<<<<<< HEAD
<testsuite hostname="DESKTOP-QS2AGGF" name="osss.online.DashboardPageTest" tests="3" failures="0" timestamp="20 Jul 2020 07:18:14 GMT" time="3.300" errors="0">
  <testcase name="verifyUserLavel" time="0.047" classname="osss.online.DashboardPageTest"/>
  <testcase name="verifyMenuItems" time="3.241" classname="osss.online.DashboardPageTest"/>
  <testcase name="verifyPageTitle" time="0.012" classname="osss.online.DashboardPageTest"/>
=======
<testsuite hostname="SHYAM-PC" name="osss.online.DashboardPageTest" tests="4" failures="1" timestamp="17 Jul 2020 06:06:45 GMT" time="11.452" errors="0">
  <testcase name="NavigateToMDPageTest" time="3.874" classname="osss.online.DashboardPageTest"/>
  <testcase name="verifyPageTitle" time="0.070" classname="osss.online.DashboardPageTest"/>
  <testcase name="verifyMenuItems" time="7.483" classname="osss.online.DashboardPageTest"/>
  <testcase name="verifyPageURL" time="0.025" classname="osss.online.DashboardPageTest">
    <failure type="java.lang.AssertionError" message="Dashboard page URL not matched. expected [http://beta.osss.online/Home/Dashboard] but found [http://beta.osss.online/User/Login]">
      <![CDATA[java.lang.AssertionError: Dashboard page URL not matched. expected [http://beta.osss.online/Home/Dashboard] but found [http://beta.osss.online/User/Login]
	at org.testng.Assert.fail(Assert.java:94)
	at org.testng.Assert.failNotEquals(Assert.java:513)
	at org.testng.Assert.assertEqualsImpl(Assert.java:135)
	at org.testng.Assert.assertEquals(Assert.java:116)
	at org.testng.Assert.assertEquals(Assert.java:190)
	at osss.online.DashboardPageTest.verifyPageURL(DashboardPageTest.java:47)
	at sun.reflect.NativeMethodAccessorImpl.invoke0(Native Method)
	at sun.reflect.NativeMethodAccessorImpl.invoke(Unknown Source)
	at sun.reflect.DelegatingMethodAccessorImpl.invoke(Unknown Source)
	at java.lang.reflect.Method.invoke(Unknown Source)
	at org.testng.internal.MethodInvocationHelper.invokeMethod(MethodInvocationHelper.java:86)
	at org.testng.internal.Invoker.invokeMethod(Invoker.java:645)
	at org.testng.internal.Invoker.invokeTestMethod(Invoker.java:822)
	at org.testng.internal.Invoker.invokeTestMethods(Invoker.java:1130)
	at org.testng.internal.TestMethodWorker.invokeTestMethods(TestMethodWorker.java:129)
	at org.testng.internal.TestMethodWorker.run(TestMethodWorker.java:112)
	at org.testng.TestRunner.privateRun(TestRunner.java:782)
	at org.testng.TestRunner.run(TestRunner.java:632)
	at org.testng.SuiteRunner.runTest(SuiteRunner.java:366)
	at org.testng.SuiteRunner.runSequentially(SuiteRunner.java:361)
	at org.testng.SuiteRunner.privateRun(SuiteRunner.java:319)
	at org.testng.SuiteRunner.run(SuiteRunner.java:268)
	at org.testng.SuiteRunnerWorker.runSuite(SuiteRunnerWorker.java:52)
	at org.testng.SuiteRunnerWorker.run(SuiteRunnerWorker.java:86)
	at org.testng.TestNG.runSuitesSequentially(TestNG.java:1244)
	at org.testng.TestNG.runSuitesLocally(TestNG.java:1169)
	at org.testng.TestNG.run(TestNG.java:1064)
	at org.testng.remote.RemoteTestNG.run(RemoteTestNG.java:113)
	at org.testng.remote.RemoteTestNG.initAndRun(RemoteTestNG.java:206)
	at org.testng.remote.RemoteTestNG.main(RemoteTestNG.java:177)
]]>
    </failure>
  </testcase> <!-- verifyPageURL -->
>>>>>>> 4137fd05b5b48d36a5493972bd9d8a7ed06f582d
</testsuite> <!-- osss.online.DashboardPageTest -->
