<?xml version="1.0" encoding="UTF-8"?>
<!-- Generated by org.testng.reporters.JUnitReportReporter -->
<testsuite hostname="DESKTOP-QS2AGGF" name="osss.online.DashboardPageTest" tests="1" failures="0" timestamp="16 Jul 2020 05:28:39 GMT" time="0.023" errors="0">
  <testcase name="login" time="0.023" classname="osss.online.DashboardPageTest"/>
</testsuite> <!-- osss.online.DashboardPageTest -->
