<?xml version="1.0" encoding="UTF-8"?>
<!-- Generated by org.testng.reporters.JUnitReportReporter -->
<<<<<<< HEAD
<testsuite hostname="DESKTOP-QS2AGGF" name="osss.online.MasterDistributorPageTest" tests="1" failures="0" timestamp="21 Jul 2020 07:50:37 GMT" time="23.375" errors="0">
  <testcase name="AddMasterDistributorTest" time="23.375" classname="osss.online.MasterDistributorPageTest"/>
=======
<testsuite hostname="SHYAM-PC" name="osss.online.MasterDistributorPageTest" tests="1" failures="0" timestamp="21 Jul 2020 11:00:00 GMT" time="79.108" errors="0">
  <testcase name="AddMasterDistributorTest" time="79.108" classname="osss.online.MasterDistributorPageTest"/>
>>>>>>> 11dd1ae13ce0f3ad21cf55c1ab7dbcdbbf3229f7
</testsuite> <!-- osss.online.MasterDistributorPageTest -->
