<?xml version="1.0" encoding="UTF-8"?>
<!-- Generated by org.testng.reporters.JUnitReportReporter -->
<testsuite hostname="DESKTOP-QS2AGGF" name="osss.online.homePageTest" tests="1" failures="0" timestamp="21 Jul 2020 07:50:37 GMT" time="11.737" errors="0">
  <testcase name="getTitleTest" time="11.737" classname="osss.online.homePageTest"/>
</testsuite> <!-- osss.online.homePageTest -->
