<?xml version="1.0" encoding="UTF-8"?>
<!-- Generated by org.testng.reporters.JUnitReportReporter -->
<testsuite hostname="DESKTOP-QS2AGGF" name="osss.online.homePageTest" tests="1" failures="0" timestamp="15 Jul 2020 06:47:41 GMT" time="22.276" errors="0">
  <testcase name="getTitleTest" time="22.276" classname="osss.online.homePageTest"/>
</testsuite> <!-- osss.online.homePageTest -->
