<?xml version="1.0" encoding="UTF-8"?>
<!-- Generated by org.testng.reporters.JUnitReportReporter -->
<testsuite hostname="DESKTOP-QS2AGGF" name="osss.online.loginPageTest" tests="2" failures="0" timestamp="16 Jul 2020 04:56:42 GMT" time="0.821" errors="0">
  <testcase name="login" time="0.683" classname="osss.online.loginPageTest"/>
  <testcase name="VerifyPageTitle" time="0.138" classname="osss.online.loginPageTest"/>
</testsuite> <!-- osss.online.loginPageTest -->
