<?xml version="1.0" encoding="UTF-8"?>
<!-- Generated by org.testng.reporters.JUnitReportReporter -->
<testsuite hostname="SHYAM-PC" name="osss.online.homePageTest" tests="1" failures="0" timestamp="16 Jul 2020 10:00:53 GMT" time="18.411" errors="0">
  <testcase name="getTitleTest" time="18.411" classname="osss.online.homePageTest"/>
</testsuite> <!-- osss.online.homePageTest -->
