<?xml version="1.0" encoding="UTF-8"?>
<!-- Generated by org.testng.reporters.JUnitReportReporter -->
<testsuite hostname="DESKTOP-QS2AGGF" name="osss.online.MasterDistributorPageTest" tests="1" failures="0" timestamp="24 Jul 2020 07:35:46 GMT" time="24.674" errors="0">
  <testcase name="AddMasterDistributorTest" time="24.674" classname="osss.online.MasterDistributorPageTest"/>
</testsuite> <!-- osss.online.MasterDistributorPageTest -->
