<?xml version="1.0" encoding="UTF-8"?>
<!-- Generated by org.testng.reporters.JUnitReportReporter -->
<testsuite hostname="SHYAM-PC" name="osss.online.loginPageTest" tests="1" failures="0" timestamp="16 Jul 2020 10:06:31 GMT" time="0.041" errors="0">
  <testcase name="VerifyPageTitle" time="0.041" classname="osss.online.loginPageTest"/>
</testsuite> <!-- osss.online.loginPageTest -->
