<?xml version="1.0" encoding="UTF-8"?>
<!-- Generated by org.testng.reporters.JUnitReportReporter -->
<testsuite hostname="SHYAM-PC" name="osss.online.MasterDistributorPageTest" tests="1" failures="0" timestamp="21 Jul 2020 11:00:00 GMT" time="79.108" errors="0">
  <testcase name="AddMasterDistributorTest" time="79.108" classname="osss.online.MasterDistributorPageTest"/>
</testsuite> <!-- osss.online.MasterDistributorPageTest -->
