<?xml version="1.0" encoding="UTF-8"?>
<!-- Generated by org.testng.reporters.JUnitReportReporter -->
<testsuite hostname="DESKTOP-QS2AGGF" name="osss.online.loginPageTest" tests="1" failures="0" timestamp="21 Jul 2020 07:50:37 GMT" time="0.007" errors="0">
  <testcase name="VerifyPageTitle" time="0.007" classname="osss.online.loginPageTest"/>
</testsuite> <!-- osss.online.loginPageTest -->
