<?xml version="1.0" encoding="UTF-8"?>
<!-- Generated by org.testng.reporters.JUnitReportReporter -->
<testsuite hostname="DESKTOP-QS2AGGF" name="osss.online.MasterDistributorPageTest" tests="1" failures="0" timestamp="21 Jul 2020 05:59:53 GMT" time="24.456" errors="0">
  <testcase name="AddMasterDistributorTest" time="24.456" classname="osss.online.MasterDistributorPageTest"/>
</testsuite> <!-- osss.online.MasterDistributorPageTest -->
