<?xml version="1.0" encoding="UTF-8"?>
<!-- Generated by org.testng.reporters.JUnitReportReporter -->
<testsuite hostname="DESKTOP-QS2AGGF" name="osss.online.DistributorPageTest" tests="2" failures="0" timestamp="27 Jul 2020 05:20:48 GMT" time="1.604" errors="0">
  <testcase name="verifyDistributorPageLabelTest" time="0.031" classname="osss.online.DistributorPageTest"/>
  <testcase name="addNewDistributor" time="1.573" classname="osss.online.DistributorPageTest"/>
</testsuite> <!-- osss.online.DistributorPageTest -->
